[2024-12-25T17:26:05.1867948Z][INFO] :: FRAMEWORK FOUND :: CSharp-nunit 
[2024-12-25T17:26:05.1893941Z][INFO] :: CRASH REPORT :: 
 {
  "exception": {},
  "config": {},
  "hashed_id": "cvsjkisnpqlgdm6ne4jnahpglzbwfgbdqby4pjnc",
  "observability_version": {
    "frameworkName": "CSharp-nunit",
    "sdkVersion": "1.16.12",
    "frameworkVersion": "4.3.1"
  }
} 
[2024-12-25T17:26:06.0648074Z][ERROR] :: Error While Receiving Driver Object Newtonsoft.Json.JsonReaderException: Unexpected character encountered while parsing value: O. Path '', line 0, position 0.
   at Newtonsoft.Json.JsonTextReader.ParseValue()
   at Newtonsoft.Json.JsonTextReader.Read()
   at Newtonsoft.Json.Linq.JObject.Load(JsonReader reader, JsonLoadSettings settings)
   at Newtonsoft.Json.Linq.JObject.Parse(String json, JsonLoadSettings settings)
   at Newtonsoft.Json.Linq.JObject.Parse(String json)
   at System.Dynamic.UpdateDelegates.UpdateAndExecute2[T0,T1,TRet](CallSite site, T0 arg0, T1 arg1)
   at BrowserStackSDK.TestObservability.Model.CBT.Driver..ctor(Object driver)
   at CallSite.Target(Closure, CallSite, Type, Object)
   at System.Dynamic.UpdateDelegates.UpdateAndExecute2[T0,T1,TRet](CallSite site, T0 arg0, T1 arg1)
   at BrowserStackSDK.TestObservability.EventsHandler.LogEventsHandler.ReceiveDriver(Object driver, String fullyQualifiedName, String displayName) 
[2024-12-25T17:26:22.2279294Z][INFO] :: All events uploaded successfully for current test 
[2024-12-25T17:26:22.2457264Z][INFO] :: FRAMEWORK FOUND :: CSharp-nunit 
[2024-12-25T17:26:22.2485480Z][INFO] :: CRASH REPORT :: 
 {
  "exception": {},
  "config": {},
  "hashed_id": "cvsjkisnpqlgdm6ne4jnahpglzbwfgbdqby4pjnc",
  "observability_version": {
    "frameworkName": "CSharp-nunit",
    "sdkVersion": "1.16.12",
    "frameworkVersion": "4.3.1"
  }
} 
[2024-12-25T17:26:23.0534518Z][ERROR] :: Error While Receiving Driver Object Newtonsoft.Json.JsonReaderException: Unexpected character encountered while parsing value: O. Path '', line 0, position 0.
   at Newtonsoft.Json.JsonTextReader.ParseValue()
   at Newtonsoft.Json.Linq.JObject.Load(JsonReader reader, JsonLoadSettings settings)
   at Newtonsoft.Json.Linq.JObject.Parse(String json, JsonLoadSettings settings)
   at Newtonsoft.Json.Linq.JObject.Parse(String json)
   at System.Dynamic.UpdateDelegates.UpdateAndExecute2[T0,T1,TRet](CallSite site, T0 arg0, T1 arg1)
   at TestObservability.Model.CBT.Driver..ctor(Object driver)
   at CallSite.Target(Closure, CallSite, Type, Object)
   at System.Dynamic.UpdateDelegates.UpdateAndExecute2[T0,T1,TRet](CallSite site, T0 arg0, T1 arg1)
   at TestObservability.EventsHandler.LogEventsHandler.ReceiveDriver(Object driver) 
