[2024-12-25T18:12:44.7598403Z][INFO] :: FRAMEWORK FOUND :: CSharp-nunit 
[2024-12-25T18:12:44.7628617Z][INFO] :: CRASH REPORT :: 
 {
  "exception": {},
  "config": {},
  "hashed_id": "g6xqgt4djubf6xzoqll8ki2v8kgujpafhj4pctk9",
  "observability_version": {
    "frameworkName": "CSharp-nunit",
    "sdkVersion": "1.16.12",
    "frameworkVersion": "4.3.1"
  }
} 
[2024-12-25T18:12:45.5388759Z][ERROR] :: Error While Receiving Driver Object Newtonsoft.Json.JsonReaderException: Unexpected character encountered while parsing value: O. Path '', line 0, position 0.
   at Newtonsoft.Json.JsonTextReader.ParseValue()
   at Newtonsoft.Json.JsonTextReader.Read()
   at Newtonsoft.Json.Linq.JObject.Load(JsonReader reader, JsonLoadSettings settings)
   at Newtonsoft.Json.Linq.JObject.Parse(String json, JsonLoadSettings settings)
   at Newtonsoft.Json.Linq.JObject.Parse(String json)
   at System.Dynamic.UpdateDelegates.UpdateAndExecute2[T0,T1,TRet](CallSite site, T0 arg0, T1 arg1)
   at BrowserStackSDK.TestObservability.Model.CBT.Driver..ctor(Object driver)
   at CallSite.Target(Closure, CallSite, Type, Object)
   at System.Dynamic.UpdateDelegates.UpdateAndExecute2[T0,T1,TRet](CallSite site, T0 arg0, T1 arg1)
   at BrowserStackSDK.TestObservability.EventsHandler.LogEventsHandler.ReceiveDriver(Object driver, String fullyQualifiedName, String displayName) 
[2024-12-25T18:13:11.7121001Z][INFO] :: All events uploaded successfully for current test 
[2024-12-25T18:13:11.7317593Z][INFO] :: FRAMEWORK FOUND :: CSharp-nunit 
[2024-12-25T18:13:11.7342729Z][INFO] :: CRASH REPORT :: 
 {
  "exception": {},
  "config": {},
  "hashed_id": "g6xqgt4djubf6xzoqll8ki2v8kgujpafhj4pctk9",
  "observability_version": {
    "frameworkName": "CSharp-nunit",
    "sdkVersion": "1.16.12",
    "frameworkVersion": "4.3.1"
  }
} 
[2024-12-25T18:13:12.5612224Z][ERROR] :: Error While Receiving Driver Object Newtonsoft.Json.JsonReaderException: Unexpected character encountered while parsing value: O. Path '', line 0, position 0.
   at Newtonsoft.Json.JsonTextReader.ParseValue()
   at Newtonsoft.Json.Linq.JObject.Load(JsonReader reader, JsonLoadSettings settings)
   at Newtonsoft.Json.Linq.JObject.Parse(String json, JsonLoadSettings settings)
   at Newtonsoft.Json.Linq.JObject.Parse(String json)
   at System.Dynamic.UpdateDelegates.UpdateAndExecute2[T0,T1,TRet](CallSite site, T0 arg0, T1 arg1)
   at TestObservability.Model.CBT.Driver..ctor(Object driver)
   at CallSite.Target(Closure, CallSite, Type, Object)
   at System.Dynamic.UpdateDelegates.UpdateAndExecute2[T0,T1,TRet](CallSite site, T0 arg0, T1 arg1)
   at TestObservability.EventsHandler.LogEventsHandler.ReceiveDriver(Object driver) 
